2025.05.08 15:32:58 INFO  tracing is disabled for protocol LSP, to enable tracing of incoming and outgoing JSON messages create an empty file at c:\Users\SILVANILSON GOMES\OneDrive\Área de Trabalho\Etudos de programaçaõ\Html\.metals\lsp.trace.json
2025.05.08 15:33:04 ERROR Failed to get project directories
java.lang.RuntimeException: Couldn't find pwsh.exe or powershell.exe on path or in default system locations
	at dev.dirs.Util.windowsFallback(Util.java:284)
	at dev.dirs.Util.getWinDirs(Util.java:166)
	at dev.dirs.ProjectDirectories.fromPath(ProjectDirectories.java:255)
	at scala.meta.internal.metals.MetalsProjectDirectories$.$anonfun$fromPath$1(MetalsProjectDirectories.scala:35)
	at scala.concurrent.Future$.$anonfun$apply$1(Future.scala:687)
	at scala.concurrent.impl.Promise$Transformation.run(Promise.scala:467)
	at java.util.concurrent.ForkJoinTask$RunnableExecuteAction.exec(ForkJoinTask.java:1395)
	at java.util.concurrent.ForkJoinTask.doExec(ForkJoinTask.java:373)
	at java.util.concurrent.ForkJoinPool$WorkQueue.topLevelExec(ForkJoinPool.java:1182)
	at java.util.concurrent.ForkJoinPool.scan(ForkJoinPool.java:1655)
	at java.util.concurrent.ForkJoinPool.runWorker(ForkJoinPool.java:1622)
	at java.util.concurrent.ForkJoinWorkerThread.run(ForkJoinWorkerThread.java:165)
Caused by: java.io.IOException: Cannot run program "C:\WINDOWS\System32\WindowsPowerShell\v1.0\powershell.exe": CreateProcess error=225, Não foi possível concluir a operação com êxito porque o arquivo contém um vírus ou software possivelmente indesejado
	at java.lang.ProcessBuilder.start(ProcessBuilder.java:1143)
	at java.lang.ProcessBuilder.start(ProcessBuilder.java:1073)
	at dev.dirs.Util.runCommands(Util.java:197)
	at dev.dirs.Util.runWinCommands(Util.java:233)
	at dev.dirs.Util.windowsFallback(Util.java:282)
	at dev.dirs.Util.getWinDirs(Util.java:166)
	at dev.dirs.ProjectDirectories.fromPath(ProjectDirectories.java:255)
	at scala.meta.internal.metals.MetalsProjectDirectories$.$anonfun$fromPath$1(MetalsProjectDirectories.scala:35)
	at scala.concurrent.Future$.$anonfun$apply$1(Future.scala:687)
	at scala.concurrent.impl.Promise$Transformation.run(Promise.scala:467)
	at java.util.concurrent.ForkJoinTask$RunnableExecuteAction.exec(ForkJoinTask.java:1395)
	at java.util.concurrent.ForkJoinTask.doExec(ForkJoinTask.java:373)
	at java.util.concurrent.ForkJoinPool$WorkQueue.topLevelExec(ForkJoinPool.java:1182)
	at java.util.concurrent.ForkJoinPool.scan(ForkJoinPool.java:1655)
	at java.util.concurrent.ForkJoinPool.runWorker(ForkJoinPool.java:1622)
	at java.util.concurrent.ForkJoinWorkerThread.run(ForkJoinWorkerThread.java:165)
Caused by: java.io.IOException: CreateProcess error=225, Não foi possível concluir a operação com êxito porque o arquivo contém um vírus ou software possivelmente indesejado
	at java.lang.ProcessImpl.create(Native Method)
	at java.lang.ProcessImpl.<init>(ProcessImpl.java:505)
	at java.lang.ProcessImpl.start(ProcessImpl.java:158)
	at java.lang.ProcessBuilder.start(ProcessBuilder.java:1110)
	at java.lang.ProcessBuilder.start(ProcessBuilder.java:1073)
	at dev.dirs.Util.runCommands(Util.java:197)
	at dev.dirs.Util.runWinCommands(Util.java:233)
	at dev.dirs.Util.windowsFallback(Util.java:282)
	at dev.dirs.Util.getWinDirs(Util.java:166)
	at dev.dirs.ProjectDirectories.fromPath(ProjectDirectories.java:255)
	at scala.meta.internal.metals.MetalsProjectDirectories$.$anonfun$fromPath$1(MetalsProjectDirectories.scala:35)
	at scala.concurrent.Future$.$anonfun$apply$1(Future.scala:687)
	at scala.concurrent.impl.Promise$Transformation.run(Promise.scala:467)
	at java.util.concurrent.ForkJoinTask$RunnableExecuteAction.exec(ForkJoinTask.java:1395)
	at java.util.concurrent.ForkJoinTask.doExec(ForkJoinTask.java:373)
	at java.util.concurrent.ForkJoinPool$WorkQueue.topLevelExec(ForkJoinPool.java:1182)
	at java.util.concurrent.ForkJoinPool.scan(ForkJoinPool.java:1655)
	at java.util.concurrent.ForkJoinPool.runWorker(ForkJoinPool.java:1622)
	at java.util.concurrent.ForkJoinWorkerThread.run(ForkJoinWorkerThread.java:165)

2025.05.08 15:33:35 ERROR Failed to get project directories
java.util.concurrent.TimeoutException: Future timed out after [5 seconds]
	at scala.concurrent.impl.Promise$DefaultPromise.tryAwait0(Promise.scala:248)
	at scala.concurrent.impl.Promise$DefaultPromise.result(Promise.scala:261)
	at scala.concurrent.Await$.$anonfun$result$1(package.scala:201)
	at scala.concurrent.BlockContext$DefaultBlockContext$.blockOn(BlockContext.scala:62)
	at scala.concurrent.Await$.result(package.scala:124)
	at scala.meta.internal.metals.MetalsProjectDirectories$.$anonfun$wrap$1(MetalsProjectDirectories.scala:43)
	at scala.util.Try$.apply(Try.scala:217)
	at scala.meta.internal.metals.MetalsProjectDirectories$.wrap(MetalsProjectDirectories.scala:41)
	at scala.meta.internal.metals.MetalsProjectDirectories$.from(MetalsProjectDirectories.scala:27)
	at scala.meta.internal.metals.BloopServers$.createBloopWorkingDir(BloopServers.scala:440)
	at scala.meta.internal.metals.BloopServers.<init>(BloopServers.scala:67)
	at scala.meta.internal.metals.ProjectMetalsLspService.<init>(ProjectMetalsLspService.scala:143)
	at scala.meta.internal.metals.WorkspaceLspService.createService(WorkspaceLspService.scala:247)
	at scala.meta.internal.metals.WorkspaceLspService.$anonfun$workspaceFolders$1(WorkspaceLspService.scala:254)
	at scala.collection.immutable.List.map(List.scala:247)
	at scala.meta.internal.metals.WorkspaceFolders.initServices(WorkspaceFolders.scala:43)
	at scala.meta.internal.metals.WorkspaceFolders.<init>(WorkspaceFolders.scala:22)
	at scala.meta.internal.metals.WorkspaceLspService.<init>(WorkspaceLspService.scala:252)
	at scala.meta.metals.MetalsLanguageServer.createService(MetalsLanguageServer.scala:219)
	at scala.meta.metals.MetalsLanguageServer.initialize(MetalsLanguageServer.scala:160)
	at jdk.internal.reflect.NativeMethodAccessorImpl.invoke0(Native Method)
	at jdk.internal.reflect.NativeMethodAccessorImpl.invoke(NativeMethodAccessorImpl.java:77)
	at jdk.internal.reflect.DelegatingMethodAccessorImpl.invoke(DelegatingMethodAccessorImpl.java:43)
	at java.lang.reflect.Method.invoke(Method.java:569)
	at org.eclipse.lsp4j.jsonrpc.services.GenericEndpoint.lambda$recursiveFindRpcMethods$0(GenericEndpoint.java:65)
	at org.eclipse.lsp4j.jsonrpc.services.GenericEndpoint.request(GenericEndpoint.java:128)
	at org.eclipse.lsp4j.jsonrpc.RemoteEndpoint.handleRequest(RemoteEndpoint.java:271)
	at org.eclipse.lsp4j.jsonrpc.RemoteEndpoint.consume(RemoteEndpoint.java:201)
	at org.eclipse.lsp4j.jsonrpc.json.StreamMessageProducer.handleMessage(StreamMessageProducer.java:185)
	at org.eclipse.lsp4j.jsonrpc.json.StreamMessageProducer.listen(StreamMessageProducer.java:97)
	at org.eclipse.lsp4j.jsonrpc.json.ConcurrentMessageProcessor.run(ConcurrentMessageProcessor.java:114)
	at java.util.concurrent.Executors$RunnableAdapter.call(Executors.java:539)
	at java.util.concurrent.FutureTask.run(FutureTask.java:264)
	at java.util.concurrent.ThreadPoolExecutor.runWorker(ThreadPoolExecutor.java:1136)
	at java.util.concurrent.ThreadPoolExecutor$Worker.run(ThreadPoolExecutor.java:635)
	at java.lang.Thread.run(Thread.java:840)

2025.05.08 15:33:35 INFO  logging to files C:\Users\SILVANILSON GOMES\OneDrive\Área de Trabalho\Etudos de programaçaõ\Html\.metals\metals.log
2025.05.08 15:33:35 INFO  Started: Metals version 1.5.2 in folders 'C:\Users\SILVANILSON GOMES\OneDrive\Área de Trabalho\Etudos de programaçaõ\Html' for client Visual Studio Code 1.99.3.
2025.05.08 15:33:36 INFO  time: initialize in 0.21s
2025.05.08 15:33:58 WARN  no build tool detected in workspace 'C:\Users\SILVANILSON GOMES\OneDrive\Área de Trabalho\Etudos de programaçaõ\Html'. The most common cause for this problem is that the editor was opened in the wrong working directory, for example if you use sbt then the workspace directory should contain build.sbt. 
2025.05.08 15:33:58 WARN  Build server is not auto-connectable.
mai. 08, 2025 4:41:35 PM org.eclipse.lsp4j.jsonrpc.RemoteEndpoint consume
ADVERTÊNCIA: Unkown message type.
